{"D:\\FSD\\Web apps\\Assignment 1- new\\WEB-FSD-Assignment1\\src\\server.ts": {"path":"D:\\FSD\\Web apps\\Assignment 1- new\\WEB-FSD-Assignment1\\src\\server.ts","statementMap":{"0":{"start":{"line":1,"column":0},"end":{"line":1,"column":43}},"1":{"start":{"line":2,"column":0},"end":{"line":2,"column":45}},"2":{"start":{"line":3,"column":0},"end":{"line":3,"column":51}},"3":{"start":{"line":4,"column":0},"end":{"line":4,"column":45}},"4":{"start":{"line":5,"column":0},"end":{"line":5,"column":45}},"5":{"start":{"line":6,"column":0},"end":{"line":6,"column":36}},"6":{"start":{"line":7,"column":0},"end":{"line":7,"column":41}},"7":{"start":{"line":8,"column":0},"end":{"line":8,"column":32}},"8":{"start":{"line":9,"column":0},"end":{"line":9,"column":27}},"9":{"start":{"line":11,"column":13},"end":{"line":11,"column":29}},"10":{"start":{"line":12,"column":13},"end":{"line":12,"column":29}},"11":{"start":{"line":15,"column":0},"end":{"line":15,"column":12}},"12":{"start":{"line":18,"column":0},"end":{"line":18,"column":24}},"13":{"start":{"line":21,"column":0},"end":{"line":21,"column":22}},"14":{"start":{"line":24,"column":0},"end":{"line":24,"column":29}},"15":{"start":{"line":25,"column":0},"end":{"line":25,"column":30}},"16":{"start":{"line":26,"column":0},"end":{"line":26,"column":36}},"17":{"start":{"line":27,"column":0},"end":{"line":27,"column":30}},"18":{"start":{"line":30,"column":16},"end":{"line":45,"column":1}},"19":{"start":{"line":31,"column":2},"end":{"line":44,"column":5}},"20":{"start":{"line":32,"column":4},"end":{"line":43,"column":5}},"21":{"start":{"line":33,"column":6},"end":{"line":33,"column":55}},"22":{"start":{"line":35,"column":6},"end":{"line":42,"column":11}},"23":{"start":{"line":38,"column":10},"end":{"line":38,"column":23}},"24":{"start":{"line":41,"column":10},"end":{"line":41,"column":24}},"25":{"start":{"line":47,"column":0},"end":{"line":47,"column":23}}},"fnMap":{"0":{"name":"(anonymous_1)","decl":{"start":{"line":30,"column":16},"end":{"line":30,"column":19}},"loc":{"start":{"line":30,"column":21},"end":{"line":45,"column":1}}},"1":{"name":"(anonymous_2)","decl":{"start":{"line":31,"column":30},"end":{"line":31,"column":31}},"loc":{"start":{"line":31,"column":50},"end":{"line":44,"column":3}}},"2":{"name":"(anonymous_3)","decl":{"start":{"line":37,"column":14},"end":{"line":37,"column":17}},"loc":{"start":{"line":37,"column":19},"end":{"line":39,"column":9}}},"3":{"name":"(anonymous_4)","decl":{"start":{"line":40,"column":15},"end":{"line":40,"column":16}},"loc":{"start":{"line":40,"column":25},"end":{"line":42,"column":9}}}},"branchMap":{"0":{"loc":{"start":{"line":32,"column":4},"end":{"line":43,"column":5}},"type":"if","locations":[{"start":{"line":32,"column":4},"end":{"line":43,"column":5}},{"start":{"line":34,"column":11},"end":{"line":43,"column":5}}]}},"s":{"0":1,"1":1,"2":1,"3":1,"4":1,"5":1,"6":1,"7":1,"8":1,"9":1,"10":1,"11":1,"12":1,"13":1,"14":1,"15":1,"16":1,"17":1,"18":1,"19":1,"20":1,"21":0,"22":1,"23":1,"24":0,"25":1},"f":{"0":1,"1":1,"2":1,"3":0},"b":{"0":[0,1]}}
,"D:\\FSD\\Web apps\\Assignment 1- new\\WEB-FSD-Assignment1\\src\\swagger.ts": {"path":"D:\\FSD\\Web apps\\Assignment 1- new\\WEB-FSD-Assignment1\\src\\swagger.ts","statementMap":{"0":{"start":{"line":1,"column":0},"end":{"line":1,"column":43}},"1":{"start":{"line":3,"column":0},"end":{"line":3,"column":41}},"2":{"start":{"line":6,"column":25},"end":{"line":28,"column":2}},"3":{"start":{"line":29,"column":20},"end":{"line":29,"column":41}},"4":{"start":{"line":31,"column":25},"end":{"line":33,"column":1}},"5":{"start":{"line":32,"column":2},"end":{"line":32,"column":70}},"6":{"start":{"line":35,"column":0},"end":{"line":35,"column":32}}},"fnMap":{"0":{"name":"(anonymous_1)","decl":{"start":{"line":31,"column":25},"end":{"line":31,"column":26}},"loc":{"start":{"line":31,"column":42},"end":{"line":33,"column":1}}}},"branchMap":{},"s":{"0":1,"1":1,"2":1,"3":1,"4":1,"5":1,"6":1},"f":{"0":1},"b":{}}
,"D:\\FSD\\Web apps\\Assignment 1- new\\WEB-FSD-Assignment1\\src\\config\\db.ts": {"path":"D:\\FSD\\Web apps\\Assignment 1- new\\WEB-FSD-Assignment1\\src\\config\\db.ts","statementMap":{"0":{"start":{"line":1,"column":17},"end":{"line":1,"column":36}},"1":{"start":{"line":2,"column":0},"end":{"line":2,"column":27}},"2":{"start":{"line":4,"column":18},"end":{"line":14,"column":2}},"3":{"start":{"line":4,"column":29},"end":{"line":14,"column":2}},"4":{"start":{"line":5,"column":2},"end":{"line":13,"column":3}},"5":{"start":{"line":6,"column":4},"end":{"line":6,"column":47}},"6":{"start":{"line":7,"column":15},"end":{"line":7,"column":40}},"7":{"start":{"line":8,"column":4},"end":{"line":8,"column":69}},"8":{"start":{"line":9,"column":4},"end":{"line":9,"column":64}},"9":{"start":{"line":9,"column":26},"end":{"line":9,"column":62}},"10":{"start":{"line":11,"column":4},"end":{"line":11,"column":52}},"11":{"start":{"line":12,"column":4},"end":{"line":12,"column":20}},"12":{"start":{"line":16,"column":0},"end":{"line":16,"column":25}}},"fnMap":{"0":{"name":"(anonymous_7)","decl":{"start":{"line":4,"column":18},"end":{"line":4,"column":27}},"loc":{"start":{"line":4,"column":29},"end":{"line":14,"column":2}}},"1":{"name":"(anonymous_8)","decl":{"start":{"line":4,"column":29},"end":{"line":4,"column":null}},"loc":{"start":{"line":4,"column":29},"end":{"line":14,"column":1}}},"2":{"name":"(anonymous_9)","decl":{"start":{"line":9,"column":20},"end":{"line":9,"column":23}},"loc":{"start":{"line":9,"column":26},"end":{"line":9,"column":62}}}},"branchMap":{},"s":{"0":1,"1":1,"2":1,"3":1,"4":1,"5":1,"6":1,"7":1,"8":1,"9":1,"10":0,"11":0,"12":1},"f":{"0":1,"1":1,"2":1},"b":{}}
,"D:\\FSD\\Web apps\\Assignment 1- new\\WEB-FSD-Assignment1\\src\\controllers\\auth.ts": {"path":"D:\\FSD\\Web apps\\Assignment 1- new\\WEB-FSD-Assignment1\\src\\controllers\\auth.ts","statementMap":{"0":{"start":{"line":1,"column":0},"end":{"line":1,"column":30}},"1":{"start":{"line":3,"column":0},"end":{"line":3,"column":34}},"2":{"start":{"line":4,"column":0},"end":{"line":4,"column":null}},"3":{"start":{"line":11,"column":24},"end":{"line":41,"column":2}},"4":{"start":{"line":11,"column":62},"end":{"line":41,"column":2}},"5":{"start":{"line":12,"column":46},"end":{"line":12,"column":54}},"6":{"start":{"line":13,"column":2},"end":{"line":40,"column":3}},"7":{"start":{"line":14,"column":25},"end":{"line":14,"column":54}},"8":{"start":{"line":15,"column":4},"end":{"line":17,"column":5}},"9":{"start":{"line":16,"column":6},"end":{"line":16,"column":70}},"10":{"start":{"line":20,"column":27},"end":{"line":20,"column":58}},"11":{"start":{"line":22,"column":17},"end":{"line":22,"column":78}},"12":{"start":{"line":25,"column":24},"end":{"line":25,"column":53}},"13":{"start":{"line":26,"column":25},"end":{"line":26,"column":55}},"14":{"start":{"line":28,"column":4},"end":{"line":28,"column":33}},"15":{"start":{"line":29,"column":4},"end":{"line":29,"column":22}},"16":{"start":{"line":30,"column":19},"end":{"line":30,"column":27}},"17":{"start":{"line":32,"column":4},"end":{"line":37,"column":7}},"18":{"start":{"line":39,"column":4},"end":{"line":39,"column":61}},"19":{"start":{"line":11,"column":13},"end":{"line":11,"column":24}},"20":{"start":{"line":44,"column":21},"end":{"line":73,"column":2}},"21":{"start":{"line":44,"column":59},"end":{"line":73,"column":2}},"22":{"start":{"line":45,"column":30},"end":{"line":45,"column":38}},"23":{"start":{"line":46,"column":2},"end":{"line":72,"column":3}},"24":{"start":{"line":47,"column":17},"end":{"line":47,"column":46}},"25":{"start":{"line":48,"column":4},"end":{"line":50,"column":5}},"26":{"start":{"line":49,"column":6},"end":{"line":49,"column":65}},"27":{"start":{"line":52,"column":20},"end":{"line":52,"column":75}},"28":{"start":{"line":53,"column":4},"end":{"line":55,"column":5}},"29":{"start":{"line":54,"column":6},"end":{"line":54,"column":70}},"30":{"start":{"line":57,"column":24},"end":{"line":57,"column":53}},"31":{"start":{"line":58,"column":25},"end":{"line":58,"column":55}},"32":{"start":{"line":60,"column":4},"end":{"line":61,"column":40}},"33":{"start":{"line":60,"column":29},"end":{"line":60,"column":58}},"34":{"start":{"line":61,"column":9},"end":{"line":61,"column":40}},"35":{"start":{"line":63,"column":4},"end":{"line":63,"column":22}},"36":{"start":{"line":65,"column":4},"end":{"line":69,"column":7}},"37":{"start":{"line":71,"column":4},"end":{"line":71,"column":54}},"38":{"start":{"line":44,"column":13},"end":{"line":44,"column":21}},"39":{"start":{"line":76,"column":28},"end":{"line":99,"column":2}},"40":{"start":{"line":76,"column":66},"end":{"line":99,"column":2}},"41":{"start":{"line":77,"column":16},"end":{"line":77,"column":67}},"42":{"start":{"line":79,"column":2},"end":{"line":81,"column":3}},"43":{"start":{"line":80,"column":4},"end":{"line":80,"column":62}},"44":{"start":{"line":83,"column":2},"end":{"line":98,"column":3}},"45":{"start":{"line":84,"column":17},"end":{"line":84,"column":46}},"46":{"start":{"line":85,"column":4},"end":{"line":87,"column":5}},"47":{"start":{"line":86,"column":6},"end":{"line":86,"column":66}},"48":{"start":{"line":89,"column":24},"end":{"line":89,"column":53}},"49":{"start":{"line":90,"column":28},"end":{"line":90,"column":58}},"50":{"start":{"line":92,"column":4},"end":{"line":92,"column":62}},"51":{"start":{"line":94,"column":4},"end":{"line":94,"column":22}},"52":{"start":{"line":95,"column":4},"end":{"line":95,"column":73}},"53":{"start":{"line":97,"column":4},"end":{"line":97,"column":66}},"54":{"start":{"line":76,"column":13},"end":{"line":76,"column":28}},"55":{"start":{"line":102,"column":22},"end":{"line":122,"column":2}},"56":{"start":{"line":102,"column":60},"end":{"line":122,"column":2}},"57":{"start":{"line":103,"column":16},"end":{"line":103,"column":67}},"58":{"start":{"line":105,"column":2},"end":{"line":107,"column":3}},"59":{"start":{"line":106,"column":4},"end":{"line":106,"column":62}},"60":{"start":{"line":109,"column":15},"end":{"line":109,"column":44}},"61":{"start":{"line":111,"column":2},"end":{"line":117,"column":3}},"62":{"start":{"line":112,"column":4},"end":{"line":115,"column":5}},"63":{"start":{"line":113,"column":6},"end":{"line":113,"column":25}},"64":{"start":{"line":114,"column":6},"end":{"line":114,"column":24}},"65":{"start":{"line":116,"column":4},"end":{"line":116,"column":64}},"66":{"start":{"line":119,"column":2},"end":{"line":119,"column":52}},"67":{"start":{"line":120,"column":2},"end":{"line":120,"column":20}},"68":{"start":{"line":121,"column":2},"end":{"line":121,"column":63}},"69":{"start":{"line":102,"column":13},"end":{"line":102,"column":22}}},"fnMap":{"0":{"name":"(anonymous_8)","decl":{"start":{"line":11,"column":24},"end":{"line":11,"column":31}},"loc":{"start":{"line":11,"column":62},"end":{"line":41,"column":2}}},"1":{"name":"(anonymous_9)","decl":{"start":{"line":11,"column":62},"end":{"line":11,"column":null}},"loc":{"start":{"line":11,"column":62},"end":{"line":41,"column":1}}},"2":{"name":"(anonymous_10)","decl":{"start":{"line":44,"column":21},"end":{"line":44,"column":28}},"loc":{"start":{"line":44,"column":59},"end":{"line":73,"column":2}}},"3":{"name":"(anonymous_11)","decl":{"start":{"line":44,"column":59},"end":{"line":44,"column":null}},"loc":{"start":{"line":44,"column":59},"end":{"line":73,"column":1}}},"4":{"name":"(anonymous_12)","decl":{"start":{"line":76,"column":28},"end":{"line":76,"column":35}},"loc":{"start":{"line":76,"column":66},"end":{"line":99,"column":2}}},"5":{"name":"(anonymous_13)","decl":{"start":{"line":76,"column":66},"end":{"line":76,"column":null}},"loc":{"start":{"line":76,"column":66},"end":{"line":99,"column":1}}},"6":{"name":"(anonymous_14)","decl":{"start":{"line":102,"column":22},"end":{"line":102,"column":29}},"loc":{"start":{"line":102,"column":60},"end":{"line":122,"column":2}}},"7":{"name":"(anonymous_15)","decl":{"start":{"line":102,"column":60},"end":{"line":102,"column":null}},"loc":{"start":{"line":102,"column":60},"end":{"line":122,"column":1}}}},"branchMap":{"0":{"loc":{"start":{"line":15,"column":4},"end":{"line":17,"column":5}},"type":"if","locations":[{"start":{"line":15,"column":4},"end":{"line":17,"column":5}}]},"1":{"loc":{"start":{"line":48,"column":4},"end":{"line":50,"column":5}},"type":"if","locations":[{"start":{"line":48,"column":4},"end":{"line":50,"column":5}}]},"2":{"loc":{"start":{"line":53,"column":4},"end":{"line":55,"column":5}},"type":"if","locations":[{"start":{"line":53,"column":4},"end":{"line":55,"column":5}}]},"3":{"loc":{"start":{"line":60,"column":4},"end":{"line":61,"column":40}},"type":"if","locations":[{"start":{"line":60,"column":4},"end":{"line":61,"column":40}},{"start":{"line":61,"column":9},"end":{"line":61,"column":40}}]},"4":{"loc":{"start":{"line":77,"column":16},"end":{"line":77,"column":67}},"type":"cond-expr","locations":[{"start":{"line":77,"column":43},"end":{"line":77,"column":45}},{"start":{"line":77,"column":43},"end":{"line":77,"column":67}}]},"5":{"loc":{"start":{"line":77,"column":16},"end":{"line":77,"column":45}},"type":"binary-expr","locations":[{"start":{"line":77,"column":16},"end":{"line":77,"column":45}},{"start":{"line":77,"column":43},"end":{"line":77,"column":45}}]},"6":{"loc":{"start":{"line":79,"column":2},"end":{"line":81,"column":3}},"type":"if","locations":[{"start":{"line":79,"column":2},"end":{"line":81,"column":3}}]},"7":{"loc":{"start":{"line":85,"column":4},"end":{"line":87,"column":5}},"type":"if","locations":[{"start":{"line":85,"column":4},"end":{"line":87,"column":5}}]},"8":{"loc":{"start":{"line":85,"column":8},"end":{"line":85,"column":45}},"type":"binary-expr","locations":[{"start":{"line":85,"column":8},"end":{"line":85,"column":13}},{"start":{"line":85,"column":17},"end":{"line":85,"column":45}}]},"9":{"loc":{"start":{"line":103,"column":16},"end":{"line":103,"column":67}},"type":"cond-expr","locations":[{"start":{"line":103,"column":43},"end":{"line":103,"column":45}},{"start":{"line":103,"column":43},"end":{"line":103,"column":67}}]},"10":{"loc":{"start":{"line":103,"column":16},"end":{"line":103,"column":45}},"type":"binary-expr","locations":[{"start":{"line":103,"column":16},"end":{"line":103,"column":45}},{"start":{"line":103,"column":43},"end":{"line":103,"column":45}}]},"11":{"loc":{"start":{"line":105,"column":2},"end":{"line":107,"column":3}},"type":"if","locations":[{"start":{"line":105,"column":2},"end":{"line":107,"column":3}}]},"12":{"loc":{"start":{"line":111,"column":2},"end":{"line":117,"column":3}},"type":"if","locations":[{"start":{"line":111,"column":2},"end":{"line":117,"column":3}}]},"13":{"loc":{"start":{"line":111,"column":6},"end":{"line":111,"column":43}},"type":"binary-expr","locations":[{"start":{"line":111,"column":6},"end":{"line":111,"column":11}},{"start":{"line":111,"column":15},"end":{"line":111,"column":43}}]},"14":{"loc":{"start":{"line":112,"column":4},"end":{"line":115,"column":5}},"type":"if","locations":[{"start":{"line":112,"column":4},"end":{"line":115,"column":5}}]}},"s":{"0":1,"1":1,"2":1,"3":1,"4":1,"5":1,"6":1,"7":1,"8":1,"9":0,"10":1,"11":1,"12":1,"13":1,"14":1,"15":1,"16":1,"17":1,"18":0,"19":1,"20":1,"21":0,"22":0,"23":0,"24":0,"25":0,"26":0,"27":0,"28":0,"29":0,"30":0,"31":0,"32":0,"33":0,"34":0,"35":0,"36":0,"37":0,"38":1,"39":1,"40":0,"41":0,"42":0,"43":0,"44":0,"45":0,"46":0,"47":0,"48":0,"49":0,"50":0,"51":0,"52":0,"53":0,"54":1,"55":1,"56":0,"57":0,"58":0,"59":0,"60":0,"61":0,"62":0,"63":0,"64":0,"65":0,"66":0,"67":0,"68":0,"69":1},"f":{"0":1,"1":1,"2":0,"3":0,"4":0,"5":0,"6":0,"7":0},"b":{"0":[0],"1":[0],"2":[0],"3":[0,0],"4":[0,0],"5":[0,0],"6":[0],"7":[0],"8":[0,0],"9":[0,0],"10":[0,0],"11":[0],"12":[0],"13":[0,0],"14":[0]}}
,"D:\\FSD\\Web apps\\Assignment 1- new\\WEB-FSD-Assignment1\\src\\controllers\\comment.ts": {"path":"D:\\FSD\\Web apps\\Assignment 1- new\\WEB-FSD-Assignment1\\src\\controllers\\comment.ts","statementMap":{"0":{"start":{"line":2,"column":0},"end":{"line":2,"column":40}},"1":{"start":{"line":3,"column":0},"end":{"line":3,"column":34}},"2":{"start":{"line":4,"column":0},"end":{"line":4,"column":34}},"3":{"start":{"line":7,"column":29},"end":{"line":39,"column":2}},"4":{"start":{"line":7,"column":67},"end":{"line":39,"column":2}},"5":{"start":{"line":8,"column":35},"end":{"line":8,"column":43}},"6":{"start":{"line":9,"column":2},"end":{"line":13,"column":3}},"7":{"start":{"line":10,"column":4},"end":{"line":12,"column":66}},"8":{"start":{"line":15,"column":2},"end":{"line":38,"column":3}},"9":{"start":{"line":16,"column":17},"end":{"line":16,"column":44}},"10":{"start":{"line":17,"column":17},"end":{"line":17,"column":44}},"11":{"start":{"line":19,"column":4},"end":{"line":21,"column":5}},"12":{"start":{"line":20,"column":6},"end":{"line":20,"column":65}},"13":{"start":{"line":23,"column":4},"end":{"line":25,"column":5}},"14":{"start":{"line":24,"column":6},"end":{"line":24,"column":65}},"15":{"start":{"line":27,"column":23},"end":{"line":31,"column":6}},"16":{"start":{"line":33,"column":4},"end":{"line":33,"column":28}},"17":{"start":{"line":35,"column":4},"end":{"line":35,"column":44}},"18":{"start":{"line":37,"column":4},"end":{"line":37,"column":78}},"19":{"start":{"line":7,"column":13},"end":{"line":7,"column":29}},"20":{"start":{"line":42,"column":33},"end":{"line":58,"column":2}},"21":{"start":{"line":42,"column":71},"end":{"line":58,"column":2}},"22":{"start":{"line":43,"column":17},"end":{"line":43,"column":34}},"23":{"start":{"line":45,"column":2},"end":{"line":57,"column":3}},"24":{"start":{"line":46,"column":21},"end":{"line":46,"column":51}},"25":{"start":{"line":48,"column":4},"end":{"line":52,"column":5}},"26":{"start":{"line":49,"column":6},"end":{"line":51,"column":62}},"27":{"start":{"line":54,"column":4},"end":{"line":54,"column":42}},"28":{"start":{"line":56,"column":4},"end":{"line":56,"column":79}},"29":{"start":{"line":42,"column":13},"end":{"line":42,"column":33}},"30":{"start":{"line":61,"column":30},"end":{"line":75,"column":2}},"31":{"start":{"line":61,"column":68},"end":{"line":75,"column":2}},"32":{"start":{"line":62,"column":20},"end":{"line":62,"column":33}},"33":{"start":{"line":64,"column":2},"end":{"line":74,"column":3}},"34":{"start":{"line":65,"column":20},"end":{"line":65,"column":53}},"35":{"start":{"line":67,"column":4},"end":{"line":69,"column":5}},"36":{"start":{"line":68,"column":6},"end":{"line":68,"column":68}},"37":{"start":{"line":71,"column":4},"end":{"line":71,"column":41}},"38":{"start":{"line":73,"column":4},"end":{"line":73,"column":78}},"39":{"start":{"line":61,"column":13},"end":{"line":61,"column":30}},"40":{"start":{"line":78,"column":29},"end":{"line":103,"column":2}},"41":{"start":{"line":78,"column":67},"end":{"line":103,"column":2}},"42":{"start":{"line":79,"column":20},"end":{"line":79,"column":33}},"43":{"start":{"line":80,"column":19},"end":{"line":80,"column":27}},"44":{"start":{"line":82,"column":2},"end":{"line":86,"column":3}},"45":{"start":{"line":83,"column":4},"end":{"line":85,"column":67}},"46":{"start":{"line":88,"column":2},"end":{"line":102,"column":3}},"47":{"start":{"line":89,"column":27},"end":{"line":92,"column":null}},"48":{"start":{"line":95,"column":4},"end":{"line":97,"column":5}},"49":{"start":{"line":96,"column":6},"end":{"line":96,"column":68}},"50":{"start":{"line":99,"column":4},"end":{"line":99,"column":48}},"51":{"start":{"line":101,"column":4},"end":{"line":101,"column":78}},"52":{"start":{"line":78,"column":13},"end":{"line":78,"column":29}},"53":{"start":{"line":106,"column":29},"end":{"line":120,"column":2}},"54":{"start":{"line":106,"column":67},"end":{"line":120,"column":2}},"55":{"start":{"line":107,"column":20},"end":{"line":107,"column":33}},"56":{"start":{"line":109,"column":2},"end":{"line":119,"column":3}},"57":{"start":{"line":110,"column":27},"end":{"line":110,"column":69}},"58":{"start":{"line":112,"column":4},"end":{"line":114,"column":5}},"59":{"start":{"line":113,"column":6},"end":{"line":113,"column":68}},"60":{"start":{"line":116,"column":4},"end":{"line":116,"column":77}},"61":{"start":{"line":118,"column":4},"end":{"line":118,"column":78}},"62":{"start":{"line":106,"column":13},"end":{"line":106,"column":29}}},"fnMap":{"0":{"name":"(anonymous_8)","decl":{"start":{"line":7,"column":29},"end":{"line":7,"column":36}},"loc":{"start":{"line":7,"column":67},"end":{"line":39,"column":2}}},"1":{"name":"(anonymous_9)","decl":{"start":{"line":7,"column":67},"end":{"line":7,"column":null}},"loc":{"start":{"line":7,"column":67},"end":{"line":39,"column":1}}},"2":{"name":"(anonymous_10)","decl":{"start":{"line":42,"column":33},"end":{"line":42,"column":40}},"loc":{"start":{"line":42,"column":71},"end":{"line":58,"column":2}}},"3":{"name":"(anonymous_11)","decl":{"start":{"line":42,"column":71},"end":{"line":42,"column":null}},"loc":{"start":{"line":42,"column":71},"end":{"line":58,"column":1}}},"4":{"name":"(anonymous_12)","decl":{"start":{"line":61,"column":30},"end":{"line":61,"column":37}},"loc":{"start":{"line":61,"column":68},"end":{"line":75,"column":2}}},"5":{"name":"(anonymous_13)","decl":{"start":{"line":61,"column":68},"end":{"line":61,"column":null}},"loc":{"start":{"line":61,"column":68},"end":{"line":75,"column":1}}},"6":{"name":"(anonymous_14)","decl":{"start":{"line":78,"column":29},"end":{"line":78,"column":36}},"loc":{"start":{"line":78,"column":67},"end":{"line":103,"column":2}}},"7":{"name":"(anonymous_15)","decl":{"start":{"line":78,"column":67},"end":{"line":78,"column":null}},"loc":{"start":{"line":78,"column":67},"end":{"line":103,"column":1}}},"8":{"name":"(anonymous_16)","decl":{"start":{"line":106,"column":29},"end":{"line":106,"column":36}},"loc":{"start":{"line":106,"column":67},"end":{"line":120,"column":2}}},"9":{"name":"(anonymous_17)","decl":{"start":{"line":106,"column":67},"end":{"line":106,"column":null}},"loc":{"start":{"line":106,"column":67},"end":{"line":120,"column":1}}}},"branchMap":{"0":{"loc":{"start":{"line":9,"column":2},"end":{"line":13,"column":3}},"type":"if","locations":[{"start":{"line":9,"column":2},"end":{"line":13,"column":3}}]},"1":{"loc":{"start":{"line":9,"column":6},"end":{"line":9,"column":33}},"type":"binary-expr","locations":[{"start":{"line":9,"column":6},"end":{"line":9,"column":13}},{"start":{"line":9,"column":17},"end":{"line":9,"column":24}},{"start":{"line":9,"column":28},"end":{"line":9,"column":33}}]},"2":{"loc":{"start":{"line":19,"column":4},"end":{"line":21,"column":5}},"type":"if","locations":[{"start":{"line":19,"column":4},"end":{"line":21,"column":5}}]},"3":{"loc":{"start":{"line":23,"column":4},"end":{"line":25,"column":5}},"type":"if","locations":[{"start":{"line":23,"column":4},"end":{"line":25,"column":5}}]},"4":{"loc":{"start":{"line":48,"column":4},"end":{"line":52,"column":5}},"type":"if","locations":[{"start":{"line":48,"column":4},"end":{"line":52,"column":5}}]},"5":{"loc":{"start":{"line":67,"column":4},"end":{"line":69,"column":5}},"type":"if","locations":[{"start":{"line":67,"column":4},"end":{"line":69,"column":5}}]},"6":{"loc":{"start":{"line":82,"column":2},"end":{"line":86,"column":3}},"type":"if","locations":[{"start":{"line":82,"column":2},"end":{"line":86,"column":3}}]},"7":{"loc":{"start":{"line":95,"column":4},"end":{"line":97,"column":5}},"type":"if","locations":[{"start":{"line":95,"column":4},"end":{"line":97,"column":5}}]},"8":{"loc":{"start":{"line":112,"column":4},"end":{"line":114,"column":5}},"type":"if","locations":[{"start":{"line":112,"column":4},"end":{"line":114,"column":5}}]}},"s":{"0":1,"1":1,"2":1,"3":1,"4":0,"5":0,"6":0,"7":0,"8":0,"9":0,"10":0,"11":0,"12":0,"13":0,"14":0,"15":0,"16":0,"17":0,"18":0,"19":1,"20":1,"21":0,"22":0,"23":0,"24":0,"25":0,"26":0,"27":0,"28":0,"29":1,"30":1,"31":0,"32":0,"33":0,"34":0,"35":0,"36":0,"37":0,"38":0,"39":1,"40":1,"41":0,"42":0,"43":0,"44":0,"45":0,"46":0,"47":0,"48":0,"49":0,"50":0,"51":0,"52":1,"53":1,"54":0,"55":0,"56":0,"57":0,"58":0,"59":0,"60":0,"61":0,"62":1},"f":{"0":0,"1":0,"2":0,"3":0,"4":0,"5":0,"6":0,"7":0,"8":0,"9":0},"b":{"0":[0],"1":[0,0,0],"2":[0],"3":[0],"4":[0],"5":[0],"6":[0],"7":[0],"8":[0]}}
,"D:\\FSD\\Web apps\\Assignment 1- new\\WEB-FSD-Assignment1\\src\\controllers\\post.ts": {"path":"D:\\FSD\\Web apps\\Assignment 1- new\\WEB-FSD-Assignment1\\src\\controllers\\post.ts","statementMap":{"0":{"start":{"line":2,"column":0},"end":{"line":2,"column":34}},"1":{"start":{"line":3,"column":0},"end":{"line":3,"column":34}},"2":{"start":{"line":4,"column":0},"end":{"line":4,"column":32}},"3":{"start":{"line":7,"column":26},"end":{"line":27,"column":2}},"4":{"start":{"line":7,"column":64},"end":{"line":27,"column":2}},"5":{"start":{"line":8,"column":37},"end":{"line":8,"column":45}},"6":{"start":{"line":10,"column":2},"end":{"line":14,"column":3}},"7":{"start":{"line":11,"column":4},"end":{"line":13,"column":67}},"8":{"start":{"line":16,"column":2},"end":{"line":18,"column":3}},"9":{"start":{"line":17,"column":4},"end":{"line":17,"column":61}},"10":{"start":{"line":20,"column":2},"end":{"line":26,"column":3}},"11":{"start":{"line":21,"column":20},"end":{"line":21,"column":56}},"12":{"start":{"line":22,"column":4},"end":{"line":22,"column":25}},"13":{"start":{"line":23,"column":4},"end":{"line":23,"column":41}},"14":{"start":{"line":25,"column":4},"end":{"line":25,"column":75}},"15":{"start":{"line":7,"column":13},"end":{"line":7,"column":26}},"16":{"start":{"line":30,"column":24},"end":{"line":37,"column":2}},"17":{"start":{"line":30,"column":62},"end":{"line":37,"column":2}},"18":{"start":{"line":31,"column":2},"end":{"line":36,"column":3}},"19":{"start":{"line":32,"column":18},"end":{"line":32,"column":35}},"20":{"start":{"line":33,"column":4},"end":{"line":33,"column":39}},"21":{"start":{"line":35,"column":4},"end":{"line":35,"column":76}},"22":{"start":{"line":30,"column":13},"end":{"line":30,"column":24}},"23":{"start":{"line":40,"column":27},"end":{"line":56,"column":2}},"24":{"start":{"line":40,"column":65},"end":{"line":56,"column":2}},"25":{"start":{"line":41,"column":17},"end":{"line":41,"column":27}},"26":{"start":{"line":43,"column":2},"end":{"line":45,"column":3}},"27":{"start":{"line":44,"column":4},"end":{"line":44,"column":57}},"28":{"start":{"line":47,"column":2},"end":{"line":55,"column":3}},"29":{"start":{"line":48,"column":17},"end":{"line":48,"column":40}},"30":{"start":{"line":49,"column":4},"end":{"line":51,"column":5}},"31":{"start":{"line":50,"column":6},"end":{"line":50,"column":68}},"32":{"start":{"line":52,"column":4},"end":{"line":52,"column":31}},"33":{"start":{"line":54,"column":4},"end":{"line":54,"column":68}},"34":{"start":{"line":40,"column":13},"end":{"line":40,"column":27}},"35":{"start":{"line":59,"column":31},"end":{"line":71,"column":2}},"36":{"start":{"line":59,"column":69},"end":{"line":71,"column":2}},"37":{"start":{"line":60,"column":17},"end":{"line":60,"column":34}},"38":{"start":{"line":62,"column":2},"end":{"line":70,"column":3}},"39":{"start":{"line":63,"column":18},"end":{"line":63,"column":45}},"40":{"start":{"line":64,"column":4},"end":{"line":66,"column":5}},"41":{"start":{"line":65,"column":6},"end":{"line":65,"column":79}},"42":{"start":{"line":67,"column":4},"end":{"line":67,"column":39}},"43":{"start":{"line":69,"column":4},"end":{"line":69,"column":76}},"44":{"start":{"line":59,"column":13},"end":{"line":59,"column":31}},"45":{"start":{"line":74,"column":33},"end":{"line":93,"column":2}},"46":{"start":{"line":74,"column":71},"end":{"line":93,"column":2}},"47":{"start":{"line":75,"column":19},"end":{"line":75,"column":38}},"48":{"start":{"line":77,"column":2},"end":{"line":92,"column":3}},"49":{"start":{"line":78,"column":17},"end":{"line":78,"column":49}},"50":{"start":{"line":79,"column":4},"end":{"line":81,"column":5}},"51":{"start":{"line":80,"column":6},"end":{"line":80,"column":65}},"52":{"start":{"line":83,"column":18},"end":{"line":83,"column":56}},"53":{"start":{"line":84,"column":4},"end":{"line":88,"column":5}},"54":{"start":{"line":85,"column":6},"end":{"line":87,"column":63}},"55":{"start":{"line":89,"column":4},"end":{"line":89,"column":39}},"56":{"start":{"line":91,"column":4},"end":{"line":91,"column":76}},"57":{"start":{"line":74,"column":13},"end":{"line":74,"column":33}},"58":{"start":{"line":96,"column":26},"end":{"line":117,"column":2}},"59":{"start":{"line":96,"column":64},"end":{"line":117,"column":2}},"60":{"start":{"line":97,"column":13},"end":{"line":97,"column":26}},"61":{"start":{"line":98,"column":37},"end":{"line":98,"column":45}},"62":{"start":{"line":100,"column":2},"end":{"line":102,"column":3}},"63":{"start":{"line":101,"column":4},"end":{"line":101,"column":57}},"64":{"start":{"line":104,"column":2},"end":{"line":116,"column":3}},"65":{"start":{"line":105,"column":24},"end":{"line":108,"column":null}},"66":{"start":{"line":110,"column":4},"end":{"line":112,"column":5}},"67":{"start":{"line":111,"column":6},"end":{"line":111,"column":65}},"68":{"start":{"line":113,"column":4},"end":{"line":113,"column":38}},"69":{"start":{"line":115,"column":4},"end":{"line":115,"column":68}},"70":{"start":{"line":96,"column":13},"end":{"line":96,"column":26}},"71":{"start":{"line":120,"column":26},"end":{"line":133,"column":2}},"72":{"start":{"line":120,"column":64},"end":{"line":133,"column":2}},"73":{"start":{"line":121,"column":17},"end":{"line":121,"column":30}},"74":{"start":{"line":123,"column":2},"end":{"line":132,"column":3}},"75":{"start":{"line":124,"column":24},"end":{"line":124,"column":60}},"76":{"start":{"line":125,"column":4},"end":{"line":127,"column":5}},"77":{"start":{"line":126,"column":6},"end":{"line":126,"column":65}},"78":{"start":{"line":129,"column":4},"end":{"line":129,"column":74}},"79":{"start":{"line":131,"column":4},"end":{"line":131,"column":75}},"80":{"start":{"line":120,"column":13},"end":{"line":120,"column":26}}},"fnMap":{"0":{"name":"(anonymous_8)","decl":{"start":{"line":7,"column":26},"end":{"line":7,"column":33}},"loc":{"start":{"line":7,"column":64},"end":{"line":27,"column":2}}},"1":{"name":"(anonymous_9)","decl":{"start":{"line":7,"column":64},"end":{"line":7,"column":null}},"loc":{"start":{"line":7,"column":64},"end":{"line":27,"column":1}}},"2":{"name":"(anonymous_10)","decl":{"start":{"line":30,"column":24},"end":{"line":30,"column":31}},"loc":{"start":{"line":30,"column":62},"end":{"line":37,"column":2}}},"3":{"name":"(anonymous_11)","decl":{"start":{"line":30,"column":62},"end":{"line":30,"column":null}},"loc":{"start":{"line":30,"column":62},"end":{"line":37,"column":1}}},"4":{"name":"(anonymous_12)","decl":{"start":{"line":40,"column":27},"end":{"line":40,"column":34}},"loc":{"start":{"line":40,"column":65},"end":{"line":56,"column":2}}},"5":{"name":"(anonymous_13)","decl":{"start":{"line":40,"column":65},"end":{"line":40,"column":null}},"loc":{"start":{"line":40,"column":65},"end":{"line":56,"column":1}}},"6":{"name":"(anonymous_14)","decl":{"start":{"line":59,"column":31},"end":{"line":59,"column":38}},"loc":{"start":{"line":59,"column":69},"end":{"line":71,"column":2}}},"7":{"name":"(anonymous_15)","decl":{"start":{"line":59,"column":69},"end":{"line":59,"column":null}},"loc":{"start":{"line":59,"column":69},"end":{"line":71,"column":1}}},"8":{"name":"(anonymous_16)","decl":{"start":{"line":74,"column":33},"end":{"line":74,"column":40}},"loc":{"start":{"line":74,"column":71},"end":{"line":93,"column":2}}},"9":{"name":"(anonymous_17)","decl":{"start":{"line":74,"column":71},"end":{"line":74,"column":null}},"loc":{"start":{"line":74,"column":71},"end":{"line":93,"column":1}}},"10":{"name":"(anonymous_18)","decl":{"start":{"line":96,"column":26},"end":{"line":96,"column":33}},"loc":{"start":{"line":96,"column":64},"end":{"line":117,"column":2}}},"11":{"name":"(anonymous_19)","decl":{"start":{"line":96,"column":64},"end":{"line":96,"column":null}},"loc":{"start":{"line":96,"column":64},"end":{"line":117,"column":1}}},"12":{"name":"(anonymous_20)","decl":{"start":{"line":120,"column":26},"end":{"line":120,"column":33}},"loc":{"start":{"line":120,"column":64},"end":{"line":133,"column":2}}},"13":{"name":"(anonymous_21)","decl":{"start":{"line":120,"column":64},"end":{"line":120,"column":null}},"loc":{"start":{"line":120,"column":64},"end":{"line":133,"column":1}}}},"branchMap":{"0":{"loc":{"start":{"line":10,"column":2},"end":{"line":14,"column":3}},"type":"if","locations":[{"start":{"line":10,"column":2},"end":{"line":14,"column":3}}]},"1":{"loc":{"start":{"line":10,"column":6},"end":{"line":10,"column":35}},"type":"binary-expr","locations":[{"start":{"line":10,"column":6},"end":{"line":10,"column":13}},{"start":{"line":10,"column":17},"end":{"line":10,"column":23}},{"start":{"line":10,"column":27},"end":{"line":10,"column":35}}]},"2":{"loc":{"start":{"line":16,"column":2},"end":{"line":18,"column":3}},"type":"if","locations":[{"start":{"line":16,"column":2},"end":{"line":18,"column":3}}]},"3":{"loc":{"start":{"line":43,"column":2},"end":{"line":45,"column":3}},"type":"if","locations":[{"start":{"line":43,"column":2},"end":{"line":45,"column":3}}]},"4":{"loc":{"start":{"line":49,"column":4},"end":{"line":51,"column":5}},"type":"if","locations":[{"start":{"line":49,"column":4},"end":{"line":51,"column":5}}]},"5":{"loc":{"start":{"line":64,"column":4},"end":{"line":66,"column":5}},"type":"if","locations":[{"start":{"line":64,"column":4},"end":{"line":66,"column":5}}]},"6":{"loc":{"start":{"line":79,"column":4},"end":{"line":81,"column":5}},"type":"if","locations":[{"start":{"line":79,"column":4},"end":{"line":81,"column":5}}]},"7":{"loc":{"start":{"line":83,"column":44},"end":{"line":83,"column":53}},"type":"cond-expr","locations":[{"start":{"line":83,"column":48},"end":{"line":83,"column":50}},{"start":{"line":83,"column":44},"end":{"line":83,"column":53}}]},"8":{"loc":{"start":{"line":83,"column":44},"end":{"line":83,"column":50}},"type":"binary-expr","locations":[{"start":{"line":83,"column":44},"end":{"line":83,"column":50}},{"start":{"line":83,"column":44},"end":{"line":83,"column":50}}]},"9":{"loc":{"start":{"line":84,"column":4},"end":{"line":88,"column":5}},"type":"if","locations":[{"start":{"line":84,"column":4},"end":{"line":88,"column":5}}]},"10":{"loc":{"start":{"line":100,"column":2},"end":{"line":102,"column":3}},"type":"if","locations":[{"start":{"line":100,"column":2},"end":{"line":102,"column":3}}]},"11":{"loc":{"start":{"line":110,"column":4},"end":{"line":112,"column":5}},"type":"if","locations":[{"start":{"line":110,"column":4},"end":{"line":112,"column":5}}]},"12":{"loc":{"start":{"line":125,"column":4},"end":{"line":127,"column":5}},"type":"if","locations":[{"start":{"line":125,"column":4},"end":{"line":127,"column":5}}]}},"s":{"0":1,"1":1,"2":1,"3":1,"4":0,"5":0,"6":0,"7":0,"8":0,"9":0,"10":0,"11":0,"12":0,"13":0,"14":0,"15":1,"16":1,"17":0,"18":0,"19":0,"20":0,"21":0,"22":1,"23":1,"24":0,"25":0,"26":0,"27":0,"28":0,"29":0,"30":0,"31":0,"32":0,"33":0,"34":1,"35":1,"36":0,"37":0,"38":0,"39":0,"40":0,"41":0,"42":0,"43":0,"44":1,"45":1,"46":0,"47":0,"48":0,"49":0,"50":0,"51":0,"52":0,"53":0,"54":0,"55":0,"56":0,"57":1,"58":1,"59":0,"60":0,"61":0,"62":0,"63":0,"64":0,"65":0,"66":0,"67":0,"68":0,"69":0,"70":1,"71":1,"72":0,"73":0,"74":0,"75":0,"76":0,"77":0,"78":0,"79":0,"80":1},"f":{"0":0,"1":0,"2":0,"3":0,"4":0,"5":0,"6":0,"7":0,"8":0,"9":0,"10":0,"11":0,"12":0,"13":0},"b":{"0":[0],"1":[0,0,0],"2":[0],"3":[0],"4":[0],"5":[0],"6":[0],"7":[0,0],"8":[0,0],"9":[0],"10":[0],"11":[0],"12":[0]}}
,"D:\\FSD\\Web apps\\Assignment 1- new\\WEB-FSD-Assignment1\\src\\controllers\\user.ts": {"path":"D:\\FSD\\Web apps\\Assignment 1- new\\WEB-FSD-Assignment1\\src\\controllers\\user.ts","statementMap":{"0":{"start":{"line":2,"column":0},"end":{"line":2,"column":34}},"1":{"start":{"line":3,"column":0},"end":{"line":3,"column":32}},"2":{"start":{"line":4,"column":0},"end":{"line":4,"column":30}},"3":{"start":{"line":5,"column":0},"end":{"line":5,"column":47}},"4":{"start":{"line":8,"column":26},"end":{"line":32,"column":2}},"5":{"start":{"line":8,"column":64},"end":{"line":32,"column":2}},"6":{"start":{"line":9,"column":46},"end":{"line":9,"column":54}},"7":{"start":{"line":11,"column":2},"end":{"line":15,"column":3}},"8":{"start":{"line":12,"column":4},"end":{"line":14,"column":76}},"9":{"start":{"line":17,"column":2},"end":{"line":31,"column":3}},"10":{"start":{"line":18,"column":17},"end":{"line":18,"column":41}},"11":{"start":{"line":19,"column":30},"end":{"line":19,"column":63}},"12":{"start":{"line":21,"column":20},"end":{"line":26,"column":6}},"13":{"start":{"line":27,"column":4},"end":{"line":27,"column":25}},"14":{"start":{"line":28,"column":4},"end":{"line":28,"column":41}},"15":{"start":{"line":30,"column":4},"end":{"line":30,"column":47}},"16":{"start":{"line":8,"column":13},"end":{"line":8,"column":26}},"17":{"start":{"line":35,"column":24},"end":{"line":42,"column":2}},"18":{"start":{"line":35,"column":62},"end":{"line":42,"column":2}},"19":{"start":{"line":36,"column":2},"end":{"line":41,"column":3}},"20":{"start":{"line":37,"column":18},"end":{"line":37,"column":35}},"21":{"start":{"line":38,"column":4},"end":{"line":38,"column":39}},"22":{"start":{"line":40,"column":4},"end":{"line":40,"column":76}},"23":{"start":{"line":35,"column":13},"end":{"line":35,"column":24}},"24":{"start":{"line":45,"column":27},"end":{"line":61,"column":2}},"25":{"start":{"line":45,"column":65},"end":{"line":61,"column":2}},"26":{"start":{"line":46,"column":17},"end":{"line":46,"column":27}},"27":{"start":{"line":48,"column":2},"end":{"line":50,"column":3}},"28":{"start":{"line":49,"column":4},"end":{"line":49,"column":57}},"29":{"start":{"line":52,"column":2},"end":{"line":60,"column":3}},"30":{"start":{"line":53,"column":17},"end":{"line":53,"column":40}},"31":{"start":{"line":54,"column":4},"end":{"line":56,"column":5}},"32":{"start":{"line":55,"column":6},"end":{"line":55,"column":68}},"33":{"start":{"line":57,"column":4},"end":{"line":57,"column":31}},"34":{"start":{"line":59,"column":4},"end":{"line":59,"column":68}},"35":{"start":{"line":45,"column":13},"end":{"line":45,"column":27}},"36":{"start":{"line":64,"column":33},"end":{"line":78,"column":2}},"37":{"start":{"line":64,"column":71},"end":{"line":78,"column":2}},"38":{"start":{"line":65,"column":23},"end":{"line":65,"column":33}},"39":{"start":{"line":67,"column":2},"end":{"line":77,"column":3}},"40":{"start":{"line":68,"column":17},"end":{"line":68,"column":46}},"41":{"start":{"line":69,"column":4},"end":{"line":73,"column":5}},"42":{"start":{"line":70,"column":6},"end":{"line":72,"column":62}},"43":{"start":{"line":74,"column":4},"end":{"line":74,"column":38}},"44":{"start":{"line":76,"column":4},"end":{"line":76,"column":76}},"45":{"start":{"line":64,"column":13},"end":{"line":64,"column":33}},"46":{"start":{"line":81,"column":26},"end":{"line":102,"column":2}},"47":{"start":{"line":81,"column":64},"end":{"line":102,"column":2}},"48":{"start":{"line":82,"column":13},"end":{"line":82,"column":26}},"49":{"start":{"line":83,"column":57},"end":{"line":83,"column":65}},"50":{"start":{"line":85,"column":2},"end":{"line":87,"column":3}},"51":{"start":{"line":86,"column":4},"end":{"line":86,"column":57}},"52":{"start":{"line":89,"column":2},"end":{"line":101,"column":3}},"53":{"start":{"line":90,"column":24},"end":{"line":93,"column":null}},"54":{"start":{"line":95,"column":4},"end":{"line":97,"column":5}},"55":{"start":{"line":96,"column":6},"end":{"line":96,"column":65}},"56":{"start":{"line":98,"column":4},"end":{"line":98,"column":38}},"57":{"start":{"line":100,"column":4},"end":{"line":100,"column":68}},"58":{"start":{"line":81,"column":13},"end":{"line":81,"column":26}},"59":{"start":{"line":105,"column":26},"end":{"line":119,"column":2}},"60":{"start":{"line":105,"column":64},"end":{"line":119,"column":2}},"61":{"start":{"line":106,"column":13},"end":{"line":106,"column":26}},"62":{"start":{"line":108,"column":2},"end":{"line":118,"column":3}},"63":{"start":{"line":109,"column":24},"end":{"line":109,"column":56}},"64":{"start":{"line":111,"column":4},"end":{"line":113,"column":5}},"65":{"start":{"line":112,"column":6},"end":{"line":112,"column":65}},"66":{"start":{"line":115,"column":4},"end":{"line":115,"column":74}},"67":{"start":{"line":117,"column":4},"end":{"line":117,"column":75}},"68":{"start":{"line":105,"column":13},"end":{"line":105,"column":26}}},"fnMap":{"0":{"name":"(anonymous_8)","decl":{"start":{"line":8,"column":26},"end":{"line":8,"column":33}},"loc":{"start":{"line":8,"column":64},"end":{"line":32,"column":2}}},"1":{"name":"(anonymous_9)","decl":{"start":{"line":8,"column":64},"end":{"line":8,"column":null}},"loc":{"start":{"line":8,"column":64},"end":{"line":32,"column":1}}},"2":{"name":"(anonymous_10)","decl":{"start":{"line":35,"column":24},"end":{"line":35,"column":31}},"loc":{"start":{"line":35,"column":62},"end":{"line":42,"column":2}}},"3":{"name":"(anonymous_11)","decl":{"start":{"line":35,"column":62},"end":{"line":35,"column":null}},"loc":{"start":{"line":35,"column":62},"end":{"line":42,"column":1}}},"4":{"name":"(anonymous_12)","decl":{"start":{"line":45,"column":27},"end":{"line":45,"column":34}},"loc":{"start":{"line":45,"column":65},"end":{"line":61,"column":2}}},"5":{"name":"(anonymous_13)","decl":{"start":{"line":45,"column":65},"end":{"line":45,"column":null}},"loc":{"start":{"line":45,"column":65},"end":{"line":61,"column":1}}},"6":{"name":"(anonymous_14)","decl":{"start":{"line":64,"column":33},"end":{"line":64,"column":40}},"loc":{"start":{"line":64,"column":71},"end":{"line":78,"column":2}}},"7":{"name":"(anonymous_15)","decl":{"start":{"line":64,"column":71},"end":{"line":64,"column":null}},"loc":{"start":{"line":64,"column":71},"end":{"line":78,"column":1}}},"8":{"name":"(anonymous_16)","decl":{"start":{"line":81,"column":26},"end":{"line":81,"column":33}},"loc":{"start":{"line":81,"column":64},"end":{"line":102,"column":2}}},"9":{"name":"(anonymous_17)","decl":{"start":{"line":81,"column":64},"end":{"line":81,"column":null}},"loc":{"start":{"line":81,"column":64},"end":{"line":102,"column":1}}},"10":{"name":"(anonymous_18)","decl":{"start":{"line":105,"column":26},"end":{"line":105,"column":33}},"loc":{"start":{"line":105,"column":64},"end":{"line":119,"column":2}}},"11":{"name":"(anonymous_19)","decl":{"start":{"line":105,"column":64},"end":{"line":105,"column":null}},"loc":{"start":{"line":105,"column":64},"end":{"line":119,"column":1}}}},"branchMap":{"0":{"loc":{"start":{"line":11,"column":2},"end":{"line":15,"column":3}},"type":"if","locations":[{"start":{"line":11,"column":2},"end":{"line":15,"column":3}}]},"1":{"loc":{"start":{"line":11,"column":6},"end":{"line":11,"column":47}},"type":"binary-expr","locations":[{"start":{"line":11,"column":6},"end":{"line":11,"column":15}},{"start":{"line":11,"column":19},"end":{"line":11,"column":24}},{"start":{"line":11,"column":28},"end":{"line":11,"column":34}},{"start":{"line":11,"column":38},"end":{"line":11,"column":47}}]},"2":{"loc":{"start":{"line":48,"column":2},"end":{"line":50,"column":3}},"type":"if","locations":[{"start":{"line":48,"column":2},"end":{"line":50,"column":3}}]},"3":{"loc":{"start":{"line":54,"column":4},"end":{"line":56,"column":5}},"type":"if","locations":[{"start":{"line":54,"column":4},"end":{"line":56,"column":5}}]},"4":{"loc":{"start":{"line":69,"column":4},"end":{"line":73,"column":5}},"type":"if","locations":[{"start":{"line":69,"column":4},"end":{"line":73,"column":5}}]},"5":{"loc":{"start":{"line":85,"column":2},"end":{"line":87,"column":3}},"type":"if","locations":[{"start":{"line":85,"column":2},"end":{"line":87,"column":3}}]},"6":{"loc":{"start":{"line":95,"column":4},"end":{"line":97,"column":5}},"type":"if","locations":[{"start":{"line":95,"column":4},"end":{"line":97,"column":5}}]},"7":{"loc":{"start":{"line":111,"column":4},"end":{"line":113,"column":5}},"type":"if","locations":[{"start":{"line":111,"column":4},"end":{"line":113,"column":5}}]}},"s":{"0":1,"1":1,"2":1,"3":1,"4":1,"5":1,"6":1,"7":1,"8":1,"9":0,"10":0,"11":0,"12":0,"13":0,"14":0,"15":0,"16":1,"17":1,"18":0,"19":0,"20":0,"21":0,"22":0,"23":1,"24":1,"25":0,"26":0,"27":0,"28":0,"29":0,"30":0,"31":0,"32":0,"33":0,"34":0,"35":1,"36":1,"37":0,"38":0,"39":0,"40":0,"41":0,"42":0,"43":0,"44":0,"45":1,"46":1,"47":0,"48":0,"49":0,"50":0,"51":0,"52":0,"53":0,"54":0,"55":0,"56":0,"57":0,"58":1,"59":1,"60":0,"61":0,"62":0,"63":0,"64":0,"65":0,"66":0,"67":0,"68":1},"f":{"0":1,"1":1,"2":0,"3":0,"4":0,"5":0,"6":0,"7":0,"8":0,"9":0,"10":0,"11":0},"b":{"0":[1],"1":[1,0,0,0],"2":[0],"3":[0],"4":[0],"5":[0],"6":[0],"7":[0]}}
,"D:\\FSD\\Web apps\\Assignment 1- new\\WEB-FSD-Assignment1\\src\\middlewares\\authMiddleware.ts": {"path":"D:\\FSD\\Web apps\\Assignment 1- new\\WEB-FSD-Assignment1\\src\\middlewares\\authMiddleware.ts","statementMap":{"0":{"start":{"line":2,"column":0},"end":{"line":2,"column":54}},"1":{"start":{"line":4,"column":28},"end":{"line":22,"column":1}},"2":{"start":{"line":9,"column":16},"end":{"line":9,"column":67}},"3":{"start":{"line":11,"column":2},"end":{"line":13,"column":3}},"4":{"start":{"line":12,"column":4},"end":{"line":12,"column":62}},"5":{"start":{"line":15,"column":2},"end":{"line":21,"column":3}},"6":{"start":{"line":16,"column":20},"end":{"line":16,"column":44}},"7":{"start":{"line":17,"column":4},"end":{"line":17,"column":23}},"8":{"start":{"line":18,"column":4},"end":{"line":18,"column":11}},"9":{"start":{"line":20,"column":4},"end":{"line":20,"column":66}},"10":{"start":{"line":4,"column":13},"end":{"line":4,"column":28}}},"fnMap":{"0":{"name":"(anonymous_0)","decl":{"start":{"line":4,"column":28},"end":{"line":4,"column":null}},"loc":{"start":{"line":8,"column":4},"end":{"line":22,"column":1}}}},"branchMap":{"0":{"loc":{"start":{"line":9,"column":16},"end":{"line":9,"column":67}},"type":"cond-expr","locations":[{"start":{"line":9,"column":43},"end":{"line":9,"column":45}},{"start":{"line":9,"column":43},"end":{"line":9,"column":67}}]},"1":{"loc":{"start":{"line":9,"column":16},"end":{"line":9,"column":45}},"type":"binary-expr","locations":[{"start":{"line":9,"column":16},"end":{"line":9,"column":45}},{"start":{"line":9,"column":43},"end":{"line":9,"column":45}}]},"2":{"loc":{"start":{"line":11,"column":2},"end":{"line":13,"column":3}},"type":"if","locations":[{"start":{"line":11,"column":2},"end":{"line":13,"column":3}}]}},"s":{"0":1,"1":1,"2":1,"3":1,"4":0,"5":1,"6":1,"7":1,"8":1,"9":0,"10":1},"f":{"0":1},"b":{"0":[0,1],"1":[1,1],"2":[0]}}
,"D:\\FSD\\Web apps\\Assignment 1- new\\WEB-FSD-Assignment1\\src\\models\\comment.ts": {"path":"D:\\FSD\\Web apps\\Assignment 1- new\\WEB-FSD-Assignment1\\src\\models\\comment.ts","statementMap":{"0":{"start":{"line":1,"column":0},"end":{"line":1,"column":54}},"1":{"start":{"line":12,"column":30},"end":{"line":31,"column":2}},"2":{"start":{"line":34,"column":16},"end":{"line":34,"column":65}},"3":{"start":{"line":35,"column":0},"end":{"line":35,"column":23}}},"fnMap":{},"branchMap":{},"s":{"0":1,"1":1,"2":1,"3":1},"f":{},"b":{}}
,"D:\\FSD\\Web apps\\Assignment 1- new\\WEB-FSD-Assignment1\\src\\models\\post.ts": {"path":"D:\\FSD\\Web apps\\Assignment 1- new\\WEB-FSD-Assignment1\\src\\models\\post.ts","statementMap":{"0":{"start":{"line":1,"column":0},"end":{"line":1,"column":54}},"1":{"start":{"line":12,"column":27},"end":{"line":30,"column":2}},"2":{"start":{"line":33,"column":13},"end":{"line":33,"column":53}},"3":{"start":{"line":34,"column":0},"end":{"line":34,"column":20}}},"fnMap":{},"branchMap":{},"s":{"0":1,"1":1,"2":1,"3":1},"f":{},"b":{}}
,"D:\\FSD\\Web apps\\Assignment 1- new\\WEB-FSD-Assignment1\\src\\models\\user.ts": {"path":"D:\\FSD\\Web apps\\Assignment 1- new\\WEB-FSD-Assignment1\\src\\models\\user.ts","statementMap":{"0":{"start":{"line":1,"column":0},"end":{"line":1,"column":54}},"1":{"start":{"line":14,"column":27},"end":{"line":38,"column":2}},"2":{"start":{"line":41,"column":13},"end":{"line":41,"column":53}},"3":{"start":{"line":42,"column":0},"end":{"line":42,"column":20}}},"fnMap":{},"branchMap":{},"s":{"0":1,"1":1,"2":1,"3":1},"f":{},"b":{}}
,"D:\\FSD\\Web apps\\Assignment 1- new\\WEB-FSD-Assignment1\\src\\routes\\auth_route.ts": {"path":"D:\\FSD\\Web apps\\Assignment 1- new\\WEB-FSD-Assignment1\\src\\routes\\auth_route.ts","statementMap":{"0":{"start":{"line":1,"column":0},"end":{"line":1,"column":33}},"1":{"start":{"line":3,"column":15},"end":{"line":3,"column":23}},"2":{"start":{"line":4,"column":23},"end":{"line":4,"column":53}},"3":{"start":{"line":98,"column":0},"end":{"line":100,"column":3}},"4":{"start":{"line":99,"column":2},"end":{"line":99,"column":33}},"5":{"start":{"line":101,"column":0},"end":{"line":103,"column":3}},"6":{"start":{"line":102,"column":2},"end":{"line":102,"column":36}},"7":{"start":{"line":104,"column":0},"end":{"line":106,"column":3}},"8":{"start":{"line":105,"column":2},"end":{"line":105,"column":40}},"9":{"start":{"line":107,"column":0},"end":{"line":109,"column":3}},"10":{"start":{"line":108,"column":2},"end":{"line":108,"column":34}},"11":{"start":{"line":111,"column":0},"end":{"line":111,"column":22}}},"fnMap":{"0":{"name":"(anonymous_0)","decl":{"start":{"line":98,"column":22},"end":{"line":98,"column":23}},"loc":{"start":{"line":98,"column":35},"end":{"line":100,"column":1}}},"1":{"name":"(anonymous_1)","decl":{"start":{"line":101,"column":25},"end":{"line":101,"column":26}},"loc":{"start":{"line":101,"column":38},"end":{"line":103,"column":1}}},"2":{"name":"(anonymous_2)","decl":{"start":{"line":104,"column":29},"end":{"line":104,"column":30}},"loc":{"start":{"line":104,"column":42},"end":{"line":106,"column":1}}},"3":{"name":"(anonymous_3)","decl":{"start":{"line":107,"column":23},"end":{"line":107,"column":24}},"loc":{"start":{"line":107,"column":36},"end":{"line":109,"column":1}}}},"branchMap":{},"s":{"0":1,"1":1,"2":1,"3":1,"4":0,"5":1,"6":1,"7":1,"8":0,"9":1,"10":0,"11":1},"f":{"0":0,"1":1,"2":0,"3":0},"b":{}}
,"D:\\FSD\\Web apps\\Assignment 1- new\\WEB-FSD-Assignment1\\src\\routes\\comment_route.ts": {"path":"D:\\FSD\\Web apps\\Assignment 1- new\\WEB-FSD-Assignment1\\src\\routes\\comment_route.ts","statementMap":{"0":{"start":{"line":125,"column":0},"end":{"line":125,"column":33}},"1":{"start":{"line":127,"column":15},"end":{"line":127,"column":23}},"2":{"start":{"line":128,"column":26},"end":{"line":128,"column":59}},"3":{"start":{"line":129,"column":0},"end":{"line":129,"column":61}},"4":{"start":{"line":131,"column":0},"end":{"line":131,"column":25}},"5":{"start":{"line":133,"column":0},"end":{"line":135,"column":3}},"6":{"start":{"line":134,"column":2},"end":{"line":134,"column":44}},"7":{"start":{"line":137,"column":0},"end":{"line":139,"column":3}},"8":{"start":{"line":138,"column":2},"end":{"line":138,"column":45}},"9":{"start":{"line":141,"column":0},"end":{"line":143,"column":3}},"10":{"start":{"line":142,"column":2},"end":{"line":142,"column":48}},"11":{"start":{"line":145,"column":0},"end":{"line":147,"column":3}},"12":{"start":{"line":146,"column":2},"end":{"line":146,"column":44}},"13":{"start":{"line":149,"column":0},"end":{"line":151,"column":3}},"14":{"start":{"line":150,"column":2},"end":{"line":150,"column":44}},"15":{"start":{"line":153,"column":0},"end":{"line":153,"column":22}}},"fnMap":{"0":{"name":"(anonymous_0)","decl":{"start":{"line":133,"column":17},"end":{"line":133,"column":18}},"loc":{"start":{"line":133,"column":30},"end":{"line":135,"column":1}}},"1":{"name":"(anonymous_1)","decl":{"start":{"line":137,"column":22},"end":{"line":137,"column":23}},"loc":{"start":{"line":137,"column":35},"end":{"line":139,"column":1}}},"2":{"name":"(anonymous_2)","decl":{"start":{"line":141,"column":30},"end":{"line":141,"column":31}},"loc":{"start":{"line":141,"column":43},"end":{"line":143,"column":1}}},"3":{"name":"(anonymous_3)","decl":{"start":{"line":145,"column":19},"end":{"line":145,"column":20}},"loc":{"start":{"line":145,"column":32},"end":{"line":147,"column":1}}},"4":{"name":"(anonymous_4)","decl":{"start":{"line":149,"column":22},"end":{"line":149,"column":23}},"loc":{"start":{"line":149,"column":35},"end":{"line":151,"column":1}}}},"branchMap":{},"s":{"0":1,"1":1,"2":1,"3":1,"4":1,"5":1,"6":0,"7":1,"8":0,"9":1,"10":0,"11":1,"12":0,"13":1,"14":0,"15":1},"f":{"0":0,"1":0,"2":0,"3":0,"4":0},"b":{}}
,"D:\\FSD\\Web apps\\Assignment 1- new\\WEB-FSD-Assignment1\\src\\routes\\post_route.ts": {"path":"D:\\FSD\\Web apps\\Assignment 1- new\\WEB-FSD-Assignment1\\src\\routes\\post_route.ts","statementMap":{"0":{"start":{"line":1,"column":0},"end":{"line":1,"column":33}},"1":{"start":{"line":3,"column":23},"end":{"line":3,"column":53}},"2":{"start":{"line":4,"column":15},"end":{"line":4,"column":23}},"3":{"start":{"line":5,"column":0},"end":{"line":5,"column":61}},"4":{"start":{"line":7,"column":0},"end":{"line":7,"column":25}},"5":{"start":{"line":41,"column":0},"end":{"line":43,"column":3}},"6":{"start":{"line":42,"column":2},"end":{"line":42,"column":38}},"7":{"start":{"line":60,"column":0},"end":{"line":62,"column":3}},"8":{"start":{"line":61,"column":2},"end":{"line":61,"column":36}},"9":{"start":{"line":87,"column":0},"end":{"line":89,"column":3}},"10":{"start":{"line":88,"column":2},"end":{"line":88,"column":39}},"11":{"start":{"line":116,"column":0},"end":{"line":118,"column":3}},"12":{"start":{"line":117,"column":2},"end":{"line":117,"column":43}},"13":{"start":{"line":145,"column":0},"end":{"line":147,"column":3}},"14":{"start":{"line":146,"column":2},"end":{"line":146,"column":45}},"15":{"start":{"line":181,"column":0},"end":{"line":183,"column":3}},"16":{"start":{"line":182,"column":2},"end":{"line":182,"column":38}},"17":{"start":{"line":204,"column":0},"end":{"line":206,"column":3}},"18":{"start":{"line":205,"column":2},"end":{"line":205,"column":38}},"19":{"start":{"line":208,"column":0},"end":{"line":208,"column":22}}},"fnMap":{"0":{"name":"(anonymous_0)","decl":{"start":{"line":41,"column":17},"end":{"line":41,"column":18}},"loc":{"start":{"line":41,"column":30},"end":{"line":43,"column":1}}},"1":{"name":"(anonymous_1)","decl":{"start":{"line":60,"column":16},"end":{"line":60,"column":17}},"loc":{"start":{"line":60,"column":29},"end":{"line":62,"column":1}}},"2":{"name":"(anonymous_2)","decl":{"start":{"line":87,"column":22},"end":{"line":87,"column":23}},"loc":{"start":{"line":87,"column":35},"end":{"line":89,"column":1}}},"3":{"name":"(anonymous_3)","decl":{"start":{"line":116,"column":30},"end":{"line":116,"column":31}},"loc":{"start":{"line":116,"column":43},"end":{"line":118,"column":1}}},"4":{"name":"(anonymous_4)","decl":{"start":{"line":145,"column":34},"end":{"line":145,"column":35}},"loc":{"start":{"line":145,"column":47},"end":{"line":147,"column":1}}},"5":{"name":"(anonymous_5)","decl":{"start":{"line":181,"column":19},"end":{"line":181,"column":20}},"loc":{"start":{"line":181,"column":32},"end":{"line":183,"column":1}}},"6":{"name":"(anonymous_6)","decl":{"start":{"line":204,"column":22},"end":{"line":204,"column":23}},"loc":{"start":{"line":204,"column":35},"end":{"line":206,"column":1}}}},"branchMap":{},"s":{"0":1,"1":1,"2":1,"3":1,"4":1,"5":1,"6":0,"7":1,"8":0,"9":1,"10":0,"11":1,"12":0,"13":1,"14":0,"15":1,"16":0,"17":1,"18":0,"19":1},"f":{"0":0,"1":0,"2":0,"3":0,"4":0,"5":0,"6":0},"b":{}}
,"D:\\FSD\\Web apps\\Assignment 1- new\\WEB-FSD-Assignment1\\src\\routes\\user_route.ts": {"path":"D:\\FSD\\Web apps\\Assignment 1- new\\WEB-FSD-Assignment1\\src\\routes\\user_route.ts","statementMap":{"0":{"start":{"line":115,"column":0},"end":{"line":115,"column":33}},"1":{"start":{"line":117,"column":15},"end":{"line":117,"column":23}},"2":{"start":{"line":118,"column":23},"end":{"line":118,"column":53}},"3":{"start":{"line":119,"column":0},"end":{"line":119,"column":61}},"4":{"start":{"line":121,"column":0},"end":{"line":121,"column":25}},"5":{"start":{"line":123,"column":0},"end":{"line":125,"column":3}},"6":{"start":{"line":124,"column":2},"end":{"line":124,"column":38}},"7":{"start":{"line":126,"column":0},"end":{"line":128,"column":3}},"8":{"start":{"line":127,"column":2},"end":{"line":127,"column":36}},"9":{"start":{"line":129,"column":0},"end":{"line":131,"column":3}},"10":{"start":{"line":130,"column":2},"end":{"line":130,"column":39}},"11":{"start":{"line":132,"column":0},"end":{"line":134,"column":3}},"12":{"start":{"line":133,"column":2},"end":{"line":133,"column":45}},"13":{"start":{"line":135,"column":0},"end":{"line":137,"column":3}},"14":{"start":{"line":136,"column":2},"end":{"line":136,"column":38}},"15":{"start":{"line":138,"column":0},"end":{"line":140,"column":3}},"16":{"start":{"line":139,"column":2},"end":{"line":139,"column":38}},"17":{"start":{"line":142,"column":0},"end":{"line":142,"column":22}}},"fnMap":{"0":{"name":"(anonymous_0)","decl":{"start":{"line":123,"column":17},"end":{"line":123,"column":18}},"loc":{"start":{"line":123,"column":30},"end":{"line":125,"column":1}}},"1":{"name":"(anonymous_1)","decl":{"start":{"line":126,"column":16},"end":{"line":126,"column":17}},"loc":{"start":{"line":126,"column":29},"end":{"line":128,"column":1}}},"2":{"name":"(anonymous_2)","decl":{"start":{"line":129,"column":22},"end":{"line":129,"column":23}},"loc":{"start":{"line":129,"column":35},"end":{"line":131,"column":1}}},"3":{"name":"(anonymous_3)","decl":{"start":{"line":132,"column":34},"end":{"line":132,"column":35}},"loc":{"start":{"line":132,"column":47},"end":{"line":134,"column":1}}},"4":{"name":"(anonymous_4)","decl":{"start":{"line":135,"column":19},"end":{"line":135,"column":20}},"loc":{"start":{"line":135,"column":32},"end":{"line":137,"column":1}}},"5":{"name":"(anonymous_5)","decl":{"start":{"line":138,"column":22},"end":{"line":138,"column":23}},"loc":{"start":{"line":138,"column":35},"end":{"line":140,"column":1}}}},"branchMap":{},"s":{"0":1,"1":1,"2":1,"3":1,"4":1,"5":1,"6":1,"7":1,"8":0,"9":1,"10":0,"11":1,"12":0,"13":1,"14":0,"15":1,"16":0,"17":1},"f":{"0":1,"1":0,"2":0,"3":0,"4":0,"5":0},"b":{}}
,"D:\\FSD\\Web apps\\Assignment 1- new\\WEB-FSD-Assignment1\\src\\utils\\jwtUtils.ts": {"path":"D:\\FSD\\Web apps\\Assignment 1- new\\WEB-FSD-Assignment1\\src\\utils\\jwtUtils.ts","statementMap":{"0":{"start":{"line":1,"column":0},"end":{"line":1,"column":31}},"1":{"start":{"line":4,"column":0},"end":{"line":4,"column":28}},"2":{"start":{"line":5,"column":0},"end":{"line":5,"column":34}},"3":{"start":{"line":6,"column":0},"end":{"line":6,"column":16}},"4":{"start":{"line":8,"column":19},"end":{"line":8,"column":51}},"5":{"start":{"line":9,"column":27},"end":{"line":9,"column":67}},"6":{"start":{"line":12,"column":35},"end":{"line":16,"column":1}},"7":{"start":{"line":13,"column":2},"end":{"line":15,"column":5}},"8":{"start":{"line":12,"column":13},"end":{"line":12,"column":35}},"9":{"start":{"line":19,"column":36},"end":{"line":23,"column":1}},"10":{"start":{"line":20,"column":2},"end":{"line":22,"column":5}},"11":{"start":{"line":19,"column":13},"end":{"line":19,"column":36}},"12":{"start":{"line":26,"column":33},"end":{"line":28,"column":1}},"13":{"start":{"line":27,"column":2},"end":{"line":27,"column":39}},"14":{"start":{"line":26,"column":13},"end":{"line":26,"column":33}},"15":{"start":{"line":31,"column":34},"end":{"line":33,"column":1}},"16":{"start":{"line":32,"column":2},"end":{"line":32,"column":47}},"17":{"start":{"line":31,"column":13},"end":{"line":31,"column":34}},"18":{"start":{"line":35,"column":32},"end":{"line":40,"column":2}},"19":{"start":{"line":35,"column":56},"end":{"line":40,"column":2}},"20":{"start":{"line":36,"column":18},"end":{"line":36,"column":43}},"21":{"start":{"line":37,"column":17},"end":{"line":37,"column":71}},"22":{"start":{"line":38,"column":15},"end":{"line":38,"column":42}},"23":{"start":{"line":39,"column":2},"end":{"line":39,"column":14}},"24":{"start":{"line":35,"column":13},"end":{"line":35,"column":32}}},"fnMap":{"0":{"name":"(anonymous_8)","decl":{"start":{"line":12,"column":35},"end":{"line":12,"column":36}},"loc":{"start":{"line":12,"column":59},"end":{"line":16,"column":1}}},"1":{"name":"(anonymous_9)","decl":{"start":{"line":19,"column":36},"end":{"line":19,"column":37}},"loc":{"start":{"line":19,"column":60},"end":{"line":23,"column":1}}},"2":{"name":"(anonymous_10)","decl":{"start":{"line":26,"column":33},"end":{"line":26,"column":34}},"loc":{"start":{"line":26,"column":76},"end":{"line":28,"column":1}}},"3":{"name":"(anonymous_11)","decl":{"start":{"line":31,"column":34},"end":{"line":31,"column":35}},"loc":{"start":{"line":31,"column":77},"end":{"line":33,"column":1}}},"4":{"name":"(anonymous_12)","decl":{"start":{"line":35,"column":32},"end":{"line":35,"column":39}},"loc":{"start":{"line":35,"column":56},"end":{"line":40,"column":2}}},"5":{"name":"(anonymous_13)","decl":{"start":{"line":35,"column":56},"end":{"line":35,"column":null}},"loc":{"start":{"line":35,"column":56},"end":{"line":40,"column":1}}}},"branchMap":{"0":{"loc":{"start":{"line":37,"column":17},"end":{"line":37,"column":71}},"type":"cond-expr","locations":[{"start":{"line":37,"column":47},"end":{"line":37,"column":54}},{"start":{"line":37,"column":57},"end":{"line":37,"column":71}}]}},"s":{"0":1,"1":1,"2":1,"3":1,"4":1,"5":1,"6":1,"7":1,"8":1,"9":1,"10":1,"11":1,"12":1,"13":1,"14":1,"15":1,"16":0,"17":1,"18":1,"19":0,"20":0,"21":0,"22":0,"23":0,"24":1},"f":{"0":1,"1":1,"2":1,"3":0,"4":0,"5":0},"b":{"0":[0,0]}}
,"D:\\FSD\\Web apps\\Assignment 1- new\\WEB-FSD-Assignment1\\src\\utils\\sendError.ts": {"path":"D:\\FSD\\Web apps\\Assignment 1- new\\WEB-FSD-Assignment1\\src\\utils\\sendError.ts","statementMap":{"0":{"start":{"line":1,"column":0},"end":{"line":1,"column":16}},"1":{"start":{"line":2,"column":2},"end":{"line":5,"column":5}}},"fnMap":{"0":{"name":"sendError","decl":{"start":{"line":1,"column":16},"end":{"line":1,"column":25}},"loc":{"start":{"line":1,"column":47},"end":{"line":6,"column":1}}}},"branchMap":{},"s":{"0":1,"1":0},"f":{"0":0},"b":{}}
}
