TN:
SF:src\server.ts
FN:30,(anonymous_1)
FN:31,(anonymous_2)
FN:37,(anonymous_3)
FN:40,(anonymous_4)
FNF:4
FNH:3
FNDA:1,(anonymous_1)
FNDA:1,(anonymous_2)
FNDA:1,(anonymous_3)
FNDA:0,(anonymous_4)
DA:1,1
DA:2,1
DA:3,1
DA:4,1
DA:5,1
DA:6,1
DA:7,1
DA:8,1
DA:9,1
DA:11,1
DA:12,1
DA:15,1
DA:18,1
DA:21,1
DA:24,1
DA:25,1
DA:26,1
DA:27,1
DA:30,1
DA:31,1
DA:32,1
DA:33,0
DA:35,1
DA:38,1
DA:41,0
DA:47,1
LF:26
LH:24
BRDA:32,0,0,0
BRDA:32,0,1,1
BRF:2
BRH:1
end_of_record
TN:
SF:src\swagger.ts
FN:31,(anonymous_1)
FNF:1
FNH:1
FNDA:1,(anonymous_1)
DA:1,1
DA:3,1
DA:6,1
DA:29,1
DA:31,1
DA:32,1
DA:35,1
LF:7
LH:7
BRF:0
BRH:0
end_of_record
TN:
SF:src\config\db.ts
FN:4,(anonymous_7)
FN:4,(anonymous_8)
FN:9,(anonymous_9)
FNF:3
FNH:3
FNDA:1,(anonymous_7)
FNDA:1,(anonymous_8)
FNDA:1,(anonymous_9)
DA:1,1
DA:2,1
DA:4,1
DA:5,1
DA:6,1
DA:7,1
DA:8,1
DA:9,1
DA:11,0
DA:12,0
DA:16,1
LF:11
LH:9
BRF:0
BRH:0
end_of_record
TN:
SF:src\controllers\auth.ts
FN:11,(anonymous_8)
FN:11,(anonymous_9)
FN:44,(anonymous_10)
FN:44,(anonymous_11)
FN:76,(anonymous_12)
FN:76,(anonymous_13)
FN:102,(anonymous_14)
FN:102,(anonymous_15)
FNF:8
FNH:2
FNDA:1,(anonymous_8)
FNDA:1,(anonymous_9)
FNDA:0,(anonymous_10)
FNDA:0,(anonymous_11)
FNDA:0,(anonymous_12)
FNDA:0,(anonymous_13)
FNDA:0,(anonymous_14)
FNDA:0,(anonymous_15)
DA:1,1
DA:3,1
DA:4,1
DA:11,1
DA:12,1
DA:13,1
DA:14,1
DA:15,1
DA:16,0
DA:20,1
DA:22,1
DA:25,1
DA:26,1
DA:28,1
DA:29,1
DA:30,1
DA:32,1
DA:39,0
DA:44,1
DA:45,0
DA:46,0
DA:47,0
DA:48,0
DA:49,0
DA:52,0
DA:53,0
DA:54,0
DA:57,0
DA:58,0
DA:60,0
DA:61,0
DA:63,0
DA:65,0
DA:71,0
DA:76,1
DA:77,0
DA:79,0
DA:80,0
DA:83,0
DA:84,0
DA:85,0
DA:86,0
DA:89,0
DA:90,0
DA:92,0
DA:94,0
DA:95,0
DA:97,0
DA:102,1
DA:103,0
DA:105,0
DA:106,0
DA:109,0
DA:111,0
DA:112,0
DA:113,0
DA:114,0
DA:116,0
DA:119,0
DA:120,0
DA:121,0
LF:61
LH:19
BRDA:15,0,0,0
BRDA:48,1,0,0
BRDA:53,2,0,0
BRDA:60,3,0,0
BRDA:60,3,1,0
BRDA:77,4,0,0
BRDA:77,4,1,0
BRDA:77,5,0,0
BRDA:77,5,1,0
BRDA:79,6,0,0
BRDA:85,7,0,0
BRDA:85,8,0,0
BRDA:85,8,1,0
BRDA:103,9,0,0
BRDA:103,9,1,0
BRDA:103,10,0,0
BRDA:103,10,1,0
BRDA:105,11,0,0
BRDA:111,12,0,0
BRDA:111,13,0,0
BRDA:111,13,1,0
BRDA:112,14,0,0
BRF:22
BRH:0
end_of_record
TN:
SF:src\controllers\comment.ts
FN:7,(anonymous_8)
FN:7,(anonymous_9)
FN:42,(anonymous_10)
FN:42,(anonymous_11)
FN:61,(anonymous_12)
FN:61,(anonymous_13)
FN:78,(anonymous_14)
FN:78,(anonymous_15)
FN:106,(anonymous_16)
FN:106,(anonymous_17)
FNF:10
FNH:0
FNDA:0,(anonymous_8)
FNDA:0,(anonymous_9)
FNDA:0,(anonymous_10)
FNDA:0,(anonymous_11)
FNDA:0,(anonymous_12)
FNDA:0,(anonymous_13)
FNDA:0,(anonymous_14)
FNDA:0,(anonymous_15)
FNDA:0,(anonymous_16)
FNDA:0,(anonymous_17)
DA:2,1
DA:3,1
DA:4,1
DA:7,1
DA:8,0
DA:9,0
DA:10,0
DA:15,0
DA:16,0
DA:17,0
DA:19,0
DA:20,0
DA:23,0
DA:24,0
DA:27,0
DA:33,0
DA:35,0
DA:37,0
DA:42,1
DA:43,0
DA:45,0
DA:46,0
DA:48,0
DA:49,0
DA:54,0
DA:56,0
DA:61,1
DA:62,0
DA:64,0
DA:65,0
DA:67,0
DA:68,0
DA:71,0
DA:73,0
DA:78,1
DA:79,0
DA:80,0
DA:82,0
DA:83,0
DA:88,0
DA:89,0
DA:95,0
DA:96,0
DA:99,0
DA:101,0
DA:106,1
DA:107,0
DA:109,0
DA:110,0
DA:112,0
DA:113,0
DA:116,0
DA:118,0
LF:53
LH:8
BRDA:9,0,0,0
BRDA:9,1,0,0
BRDA:9,1,1,0
BRDA:9,1,2,0
BRDA:19,2,0,0
BRDA:23,3,0,0
BRDA:48,4,0,0
BRDA:67,5,0,0
BRDA:82,6,0,0
BRDA:95,7,0,0
BRDA:112,8,0,0
BRF:11
BRH:0
end_of_record
TN:
SF:src\controllers\post.ts
FN:7,(anonymous_8)
FN:7,(anonymous_9)
FN:30,(anonymous_10)
FN:30,(anonymous_11)
FN:40,(anonymous_12)
FN:40,(anonymous_13)
FN:59,(anonymous_14)
FN:59,(anonymous_15)
FN:74,(anonymous_16)
FN:74,(anonymous_17)
FN:96,(anonymous_18)
FN:96,(anonymous_19)
FN:120,(anonymous_20)
FN:120,(anonymous_21)
FNF:14
FNH:0
FNDA:0,(anonymous_8)
FNDA:0,(anonymous_9)
FNDA:0,(anonymous_10)
FNDA:0,(anonymous_11)
FNDA:0,(anonymous_12)
FNDA:0,(anonymous_13)
FNDA:0,(anonymous_14)
FNDA:0,(anonymous_15)
FNDA:0,(anonymous_16)
FNDA:0,(anonymous_17)
FNDA:0,(anonymous_18)
FNDA:0,(anonymous_19)
FNDA:0,(anonymous_20)
FNDA:0,(anonymous_21)
DA:2,1
DA:3,1
DA:4,1
DA:7,1
DA:8,0
DA:10,0
DA:11,0
DA:16,0
DA:17,0
DA:20,0
DA:21,0
DA:22,0
DA:23,0
DA:25,0
DA:30,1
DA:31,0
DA:32,0
DA:33,0
DA:35,0
DA:40,1
DA:41,0
DA:43,0
DA:44,0
DA:47,0
DA:48,0
DA:49,0
DA:50,0
DA:52,0
DA:54,0
DA:59,1
DA:60,0
DA:62,0
DA:63,0
DA:64,0
DA:65,0
DA:67,0
DA:69,0
DA:74,1
DA:75,0
DA:77,0
DA:78,0
DA:79,0
DA:80,0
DA:83,0
DA:84,0
DA:85,0
DA:89,0
DA:91,0
DA:96,1
DA:97,0
DA:98,0
DA:100,0
DA:101,0
DA:104,0
DA:105,0
DA:110,0
DA:111,0
DA:113,0
DA:115,0
DA:120,1
DA:121,0
DA:123,0
DA:124,0
DA:125,0
DA:126,0
DA:129,0
DA:131,0
LF:67
LH:10
BRDA:10,0,0,0
BRDA:10,1,0,0
BRDA:10,1,1,0
BRDA:10,1,2,0
BRDA:16,2,0,0
BRDA:43,3,0,0
BRDA:49,4,0,0
BRDA:64,5,0,0
BRDA:79,6,0,0
BRDA:83,7,0,0
BRDA:83,7,1,0
BRDA:83,8,0,0
BRDA:83,8,1,0
BRDA:84,9,0,0
BRDA:100,10,0,0
BRDA:110,11,0,0
BRDA:125,12,0,0
BRF:17
BRH:0
end_of_record
TN:
SF:src\controllers\user.ts
FN:8,(anonymous_8)
FN:8,(anonymous_9)
FN:35,(anonymous_10)
FN:35,(anonymous_11)
FN:45,(anonymous_12)
FN:45,(anonymous_13)
FN:64,(anonymous_14)
FN:64,(anonymous_15)
FN:81,(anonymous_16)
FN:81,(anonymous_17)
FN:105,(anonymous_18)
FN:105,(anonymous_19)
FNF:12
FNH:2
FNDA:1,(anonymous_8)
FNDA:1,(anonymous_9)
FNDA:0,(anonymous_10)
FNDA:0,(anonymous_11)
FNDA:0,(anonymous_12)
FNDA:0,(anonymous_13)
FNDA:0,(anonymous_14)
FNDA:0,(anonymous_15)
FNDA:0,(anonymous_16)
FNDA:0,(anonymous_17)
FNDA:0,(anonymous_18)
FNDA:0,(anonymous_19)
DA:2,1
DA:3,1
DA:4,1
DA:5,1
DA:8,1
DA:9,1
DA:11,1
DA:12,1
DA:17,0
DA:18,0
DA:19,0
DA:21,0
DA:27,0
DA:28,0
DA:30,0
DA:35,1
DA:36,0
DA:37,0
DA:38,0
DA:40,0
DA:45,1
DA:46,0
DA:48,0
DA:49,0
DA:52,0
DA:53,0
DA:54,0
DA:55,0
DA:57,0
DA:59,0
DA:64,1
DA:65,0
DA:67,0
DA:68,0
DA:69,0
DA:70,0
DA:74,0
DA:76,0
DA:81,1
DA:82,0
DA:83,0
DA:85,0
DA:86,0
DA:89,0
DA:90,0
DA:95,0
DA:96,0
DA:98,0
DA:100,0
DA:105,1
DA:106,0
DA:108,0
DA:109,0
DA:111,0
DA:112,0
DA:115,0
DA:117,0
LF:57
LH:13
BRDA:11,0,0,1
BRDA:11,1,0,1
BRDA:11,1,1,0
BRDA:11,1,2,0
BRDA:11,1,3,0
BRDA:48,2,0,0
BRDA:54,3,0,0
BRDA:69,4,0,0
BRDA:85,5,0,0
BRDA:95,6,0,0
BRDA:111,7,0,0
BRF:11
BRH:2
end_of_record
TN:
SF:src\middlewares\authMiddleware.ts
FN:4,(anonymous_0)
FNF:1
FNH:1
FNDA:1,(anonymous_0)
DA:2,1
DA:4,1
DA:9,1
DA:11,1
DA:12,0
DA:15,1
DA:16,1
DA:17,1
DA:18,1
DA:20,0
LF:10
LH:8
BRDA:9,0,0,0
BRDA:9,0,1,1
BRDA:9,1,0,1
BRDA:9,1,1,1
BRDA:11,2,0,0
BRF:5
BRH:3
end_of_record
TN:
SF:src\models\comment.ts
FNF:0
FNH:0
DA:1,1
DA:12,1
DA:34,1
DA:35,1
LF:4
LH:4
BRF:0
BRH:0
end_of_record
TN:
SF:src\models\post.ts
FNF:0
FNH:0
DA:1,1
DA:12,1
DA:33,1
DA:34,1
LF:4
LH:4
BRF:0
BRH:0
end_of_record
TN:
SF:src\models\user.ts
FNF:0
FNH:0
DA:1,1
DA:14,1
DA:41,1
DA:42,1
LF:4
LH:4
BRF:0
BRH:0
end_of_record
TN:
SF:src\routes\auth_route.ts
FN:98,(anonymous_0)
FN:101,(anonymous_1)
FN:104,(anonymous_2)
FN:107,(anonymous_3)
FNF:4
FNH:1
FNDA:0,(anonymous_0)
FNDA:1,(anonymous_1)
FNDA:0,(anonymous_2)
FNDA:0,(anonymous_3)
DA:1,1
DA:3,1
DA:4,1
DA:98,1
DA:99,0
DA:101,1
DA:102,1
DA:104,1
DA:105,0
DA:107,1
DA:108,0
DA:111,1
LF:12
LH:9
BRF:0
BRH:0
end_of_record
TN:
SF:src\routes\comment_route.ts
FN:133,(anonymous_0)
FN:137,(anonymous_1)
FN:141,(anonymous_2)
FN:145,(anonymous_3)
FN:149,(anonymous_4)
FNF:5
FNH:0
FNDA:0,(anonymous_0)
FNDA:0,(anonymous_1)
FNDA:0,(anonymous_2)
FNDA:0,(anonymous_3)
FNDA:0,(anonymous_4)
DA:125,1
DA:127,1
DA:128,1
DA:129,1
DA:131,1
DA:133,1
DA:134,0
DA:137,1
DA:138,0
DA:141,1
DA:142,0
DA:145,1
DA:146,0
DA:149,1
DA:150,0
DA:153,1
LF:16
LH:11
BRF:0
BRH:0
end_of_record
TN:
SF:src\routes\post_route.ts
FN:41,(anonymous_0)
FN:60,(anonymous_1)
FN:87,(anonymous_2)
FN:116,(anonymous_3)
FN:145,(anonymous_4)
FN:181,(anonymous_5)
FN:204,(anonymous_6)
FNF:7
FNH:0
FNDA:0,(anonymous_0)
FNDA:0,(anonymous_1)
FNDA:0,(anonymous_2)
FNDA:0,(anonymous_3)
FNDA:0,(anonymous_4)
FNDA:0,(anonymous_5)
FNDA:0,(anonymous_6)
DA:1,1
DA:3,1
DA:4,1
DA:5,1
DA:7,1
DA:41,1
DA:42,0
DA:60,1
DA:61,0
DA:87,1
DA:88,0
DA:116,1
DA:117,0
DA:145,1
DA:146,0
DA:181,1
DA:182,0
DA:204,1
DA:205,0
DA:208,1
LF:20
LH:13
BRF:0
BRH:0
end_of_record
TN:
SF:src\routes\user_route.ts
FN:123,(anonymous_0)
FN:126,(anonymous_1)
FN:129,(anonymous_2)
FN:132,(anonymous_3)
FN:135,(anonymous_4)
FN:138,(anonymous_5)
FNF:6
FNH:1
FNDA:1,(anonymous_0)
FNDA:0,(anonymous_1)
FNDA:0,(anonymous_2)
FNDA:0,(anonymous_3)
FNDA:0,(anonymous_4)
FNDA:0,(anonymous_5)
DA:115,1
DA:117,1
DA:118,1
DA:119,1
DA:121,1
DA:123,1
DA:124,1
DA:126,1
DA:127,0
DA:129,1
DA:130,0
DA:132,1
DA:133,0
DA:135,1
DA:136,0
DA:138,1
DA:139,0
DA:142,1
LF:18
LH:13
BRF:0
BRH:0
end_of_record
TN:
SF:src\utils\jwtUtils.ts
FN:12,(anonymous_8)
FN:19,(anonymous_9)
FN:26,(anonymous_10)
FN:31,(anonymous_11)
FN:35,(anonymous_12)
FN:35,(anonymous_13)
FNF:6
FNH:3
FNDA:1,(anonymous_8)
FNDA:1,(anonymous_9)
FNDA:1,(anonymous_10)
FNDA:0,(anonymous_11)
FNDA:0,(anonymous_12)
FNDA:0,(anonymous_13)
DA:1,1
DA:4,1
DA:5,1
DA:6,1
DA:8,1
DA:9,1
DA:12,1
DA:13,1
DA:19,1
DA:20,1
DA:26,1
DA:27,1
DA:31,1
DA:32,0
DA:35,1
DA:36,0
DA:37,0
DA:38,0
DA:39,0
LF:19
LH:14
BRDA:37,0,0,0
BRDA:37,0,1,0
BRF:2
BRH:0
end_of_record
TN:
SF:src\utils\sendError.ts
FN:1,sendError
FNF:1
FNH:0
FNDA:0,sendError
DA:1,1
DA:2,0
LF:2
LH:1
BRF:0
BRH:0
end_of_record
